mvn : WARNING: A terminally 
deprecated method in 
sun.misc.Unsafe has been 
called
At line:1 char:1
+ mvn clean compile 2>&1 | 
Out-File -FilePath 
compile_log.txt -Encoding 
...
+ ~~~~~~~~~~~~~~~~~~~~~~
    + CategoryInfo          
    : NotSpecified: (WARNI  
  NG: A term...has been c   
 alled:String) [], Remot    
eException
    + FullyQualifiedErrorId 
    : NativeCommandError
 
WARNING: sun.misc.Unsafe::st
aticFieldBase has been 
called by com.google.inject.
internal.aop.HiddenClassDefi
ner (file:/C:/Users/anu%20m%
20n/Downloads/apache-maven-3
.9.11-bin/apache-maven-3.9.1
1/lib/guice-5.1.0-classes.ja
r)
WARNING: Please consider 
reporting this to the 
maintainers of class com.goo
gle.inject.internal.aop.Hidd
enClassDefiner
WARNING: sun.misc.Unsafe::st
aticFieldBase will be 
removed in a future release
[INFO] Scanning for projects...
[INFO] 
[INFO] ----------------------< com.springpro:springpro >-----------------------
[INFO] Building springpro 0.0.1-SNAPSHOT
[INFO]   from pom.xml
[INFO] --------------------------------[ jar ]---------------------------------
[INFO] 
[INFO] --- clean:3.3.2:clean (default-clean) @ springpro ---
[INFO] Deleting C:\Users\anu m n\Documents\skillforge\SkillForge-_-AI-Driven-Adaptive-Learning-Exam-Generator\target
[INFO] 
[INFO] --- resources:3.3.1:resources (default-resources) @ springpro ---
[INFO] Copying 1 resource from backend\main\resources to target\classes
[INFO] 
[INFO] --- compiler:3.11.0:compile (default-compile) @ springpro ---
[INFO] Changes detected - recompiling the module! :source
[INFO] Compiling 53 source files with javac [debug release 17] to target\classes
[INFO] -------------------------------------------------------------
[ERROR] COMPILATION ERROR : 
[INFO] -------------------------------------------------------------
[ERROR] /C:/Users/anu m n/Documents/skillforge/SkillForge-_-AI-Driven-Adaptive-Learning-Exam-Generator/backend/main/java/com/springpro/service/StudentQuizService.java:[104,41] cannot find symbol
  symbol:   method getAnswers()
  location: variable submission of type com.springpro.dto.QuizSubmitRequest
[INFO] 1 error
[INFO] -------------------------------------------------------------
[INFO] ------------------------------------------------------------------------
[INFO] BUILD FAILURE
[INFO] ------------------------------------------------------------------------
[INFO] Total time:  6.347 s
[INFO] Finished at: 2026-01-14T11:44:07+05:30
[INFO] ------------------------------------------------------------------------
[ERROR] Failed to execute goal org.apache.maven.plugins:maven-compiler-plugin:3.11.0:compile (default-compile) on project springpro: Compilation failure
[ERROR] /C:/Users/anu m n/Documents/skillforge/SkillForge-_-AI-Driven-Adaptive-Learning-Exam-Generator/backend/main/java/com/springpro/service/StudentQuizService.java:[104,41] cannot find symbol
[ERROR]   symbol:   method getAnswers()
[ERROR]   location: variable submission of type com.springpro.dto.QuizSubmitRequest
[ERROR] 
[ERROR] -> [Help 1]
[ERROR] 
[ERROR] To see the full stack trace of the errors, re-run Maven with the -e switch.
[ERROR] Re-run Maven using the -X switch to enable full debug logging.
[ERROR] 
[ERROR] For more information about the errors and possible solutions, please read the following articles:
[ERROR] [Help 1] http://cwiki.apache.org/confluence/display/MAVEN/MojoFailureException
